1550855141	Vlad Roman: „În literatură, aș paria pe granița dintre mărturisire și invenție”	http://www.litero-mania.com/vlad-roman-in-literatura-as-paria-pe-granita-dintre-marturisire-si-inventie/	Debutat în 2016 cu romanul „Cât mai aproape de tine” (Editura Univers), Vlad Roman (n. 1981) a publicat în 2018 un al doilea – impresionant – roman, „Prima secundă” (apărut la aceeaşi editură). Vlad Roman este, cu siguranţă, unul dintre cei mai buni tineri scriitori din literatura română actuală, iar acest nou roman vine să [&#8230;]	html	http://www.litero-mania.com/?p=8423	Adina Dinițoiu
1550855096	Prima secundă (fragment)	http://www.litero-mania.com/prima-secunda-fragment/	Vă propunem mai jos un fragment din romanul&#160;„Prima secundă” de&#160;Vlad Roman (Ed. Univers, 2018) &#8211; unul dintre cele mai bune romane ale anului trecut, roman construit în jurul temei timpului (dar şi a imaginii), care surprinde trecerea oficială de la calendarul iulian la calendarul gregorian, mult mai fidel în raport cu fenomenele astronomice. „Cert e [&#8230;]	html	http://www.litero-mania.com/?p=8428	Vlad Roman
1550855055	Melancolii sebastiniene	http://www.litero-mania.com/melancolii-sebastiniene/	Mihail Sebastian a fost dintotdeauna un scriitor îndrăgit de către public, atât în perioada comunistă, când era cunoscut doar pentru o parte din opera sa (teatrul, romanele – „Oraşul cu salcâmi” şi „Accidentul” –, plus o parte din publicistică, cea dedicată literaturii), cât şi după 1990, când apare ceea ce nu mai fusese publicat vreme [&#8230;]	html	http://www.litero-mania.com/?p=8446	Serenela Ghițeanu
1550855004	Poeme	http://www.litero-mania.com/poeme-2/	Oglinda Aproape mai aproape de fața tatei îl sărut pe frunte ultima dată, o lacrimă de sânge i se prelinge din ochiul închis Aproape mai aproape de fața mamei, o sărut pe obraz ultima dată, vântul îi smulge de sub basma o șuviță fără viață S-au dus unul după altul s-au dus fără ei casa [&#8230;]	html	http://www.litero-mania.com/?p=8418	Irina Nechit
1550854952	„Milano” de Umberto Saba	http://www.litero-mania.com/milano-de-umberto-saba/	Literomania vă propune un ciclu de poeme grupate sub titlul&#160;„Geografie poetică”&#160;și traduse de&#160;Dominique Ilea, texte aparținând mai multor poeți din diverse țări. Multe dintre ele, prin titlu sau prin conținut (sau prin ambele), evocă un ținut, un oraș sau o țară. În acest număr al Literomaniei, vă propunem poemul „Milano” de Umberto Saba (1883-1957).&#160; Umberto [&#8230;]	html	http://www.litero-mania.com/?p=8443	Dominique Ilea
1550854914	Flash fiction stories – februarie 2019	http://www.litero-mania.com/flash-fiction-stories-februarie-2019/	Literomania&#160;vă propune o rubrică permanentă numită&#160;Flash fiction stories, în care vom publica microficțiunile primite pe adresa de mail a redacției (literomania2017@gmail.com).&#160;Editura&#160;Paralela 45&#160;are în vedere publicarea, în colaborare cu Literomania, a unui volum de flash fiction cu prozele apărute în cadrul acestei rubrici (cu condiția ca prozele selectate să fie inedite).&#160;Prin urmare, așteptăm prozele celor care [&#8230;]	html	http://www.litero-mania.com/?p=8449	Literomania
1550854875	Scrisori către preşedinte (XVI)	http://www.litero-mania.com/scrisori-catre-presedinte-xvi/	Scrisoarea a şaisprezecea Stimate domnule preşedinte,&#160; &#160; &#160; &#160; &#160; &#160; &#160; &#160; &#160; &#160; &#160; &#160; &#160; &#160; apocalipsa climaterică va schimba aspectul geografic al pământului, dar şi multe alte aspecte. Unii vor rezista, alţii ba. Vor apărea o nouă vegetaţie şi noi boli. Vom scăpa de unele, ne vom îmbogăţi cu altele. Oare [&#8230;]	html	http://www.litero-mania.com/?p=8415	Radu Țuculescu
1550189944	Război și pace în romanele lui Gonçalo M. Tavares	http://www.litero-mania.com/razboi-si-pace-in-romanele-lui-goncalo-m-tavares/	Stilul scriitorului portughez Gonçalo M. Tavares – și aici mă refer strict la tetralogia „Regatul” („Un om: Klaus Klump”, 2003, „Mașinăria lui Joseph Walser”, 2004, „Ierusalim”, 2004, „Să înveți să te rogi în Era Tehnologiei”, 2007) – amintește, prin atmosfera stranie, pe alocuri burlescă, dar și prin luciditatea amară a personajelor sale, de prozele unor [&#8230;]	html	http://www.litero-mania.com/?p=8384	Raul Popescu
1550189878	Cum să spui „te iubesc”	http://www.litero-mania.com/cum-sa-spui-te-iubesc/	Ia în brațe gâscanul care-a rămas închis de o săptămână cu voi în cabană și cu care v-ați jucat până acum, așază-te pe canapea și strig-o să se întoarcă din fața șemineului unde răscolește jarul cu un vătrai! Privește-o în ochi și spune-i brusc „te iubesc”, în timp ce răsucești și rupi gâtul gâscanului, fiindcă [&#8230;]	html	http://www.litero-mania.com/?p=8367	T.O. Bobe
1550189824	Un sfert de oră de dragoste (Erotice IV)	http://www.litero-mania.com/un-sfert-de-ora-de-dragoste-erotice-iv/	Mergeam în același ritm. Apoi a închis telefonul, s-a uitat la mine și mi-a spus că sunt frumoasă. Într-o vineri. Vineri este ziua lui Venus, a Venerei. Pe 14 februarie. 14 februarie este ziua Sfântului Valentin. „V”-ul este doar o coincidență, ca și faptul că, în drum spre metrou, am mers alături, un timp, de [&#8230;]	html	http://www.litero-mania.com/?p=8376	Dumitrița Stoica
1550189782	Inelul cu capac	http://www.litero-mania.com/inelul-cu-capac/	O dată pe anotimp, mătușa Salomeea mă invita să stăm la un ceai. Ezitam de fiecare dată să merg, deși mă duceam pînă la urmă, asta numai după ce găseam inelul potrivit, firește. La mine să nu vii fără inel pe deget. Nu veneam. Am plimbat pe sub privirea-i tot felul de inele: groase, opulente [&#8230;]	html	http://www.litero-mania.com/?p=8389	Ohara Donovetsky
1550189600	„Paris At Night” de Jacques Prévert	http://www.litero-mania.com/paris-at-night-de-jacques-prevert/	Literomania vă propune un ciclu de poeme grupate sub titlul „Geografie poetică” și traduse de Dominique Ilea, texte aparținând mai multor poeți din diverse țări. Multe dintre ele, prin titlu sau prin conținut (sau prin ambele), evocă un ținut, un oraș sau o țară. Începem călătoria cu poetul francez Jacques Prévert (1900-1977), pentru a ne [&#8230;]	html	http://www.litero-mania.com/?p=8386	Dominique Ilea
1550189544	Cîntec	http://www.litero-mania.com/cintec/	nu prea știu ce să-ți spun frunză verde de pe drum m-oi face praf și noroi ce să mă mai fac cu voi dintre toți și eu voi fi floare fercheșă de-o zi floarea mamii ofilită viața nici nu mă mai miră cît trăiesc mă miră toate nu mor totuși poate poate cine speră mai [&#8230;]	html	http://www.litero-mania.com/?p=8381	Péter Demény
1550189469	Scrisori către preşedinte (XV)	http://www.litero-mania.com/scrisori-catre-presedinte-xv/	Scrisoarea a cincisprezecea&#160; Stimate domnule preşedinte, se topeşte ţara, se topesc creierii. Am auzit că ne vom transforma într‑un deşert. Cel puţin o parte din patrie. Vor creşte palmieri, cactuşi uriaşi, cămile şi struţi&#8230; Rezistă cine poate. Selecţie naturală. Foarte tristă perspectivă, taman acuma când aţi terminat gâlceava pe tema pensiilor, iar pensionarii îşi văd [&#8230;]	html	http://www.litero-mania.com/?p=8371	Radu Țuculescu
1549611495	Nazismul şi islamismul – două forme de radicalism	http://www.litero-mania.com/nazismul-si-islamismul-doua-forme-de-radicalism/	Scriitorul algerian Boualem Sansal (n. 1949) este deja cunoscut publicului românesc datorită romanului său distopic „2084. Sfârşitul lumii” (Gallimard, 2015/Humanitas Fiction, 2016, traducere de Doru Mareş) – poate cel mai bun roman al său, distins cu Marele Premiu al Academiei Franceze. La sfârşitul anului trecut, a apărut în româneşte un alt roman al său – [&#8230;]	html	http://www.litero-mania.com/?p=8319	Adina Dinițoiu
1549611447	Îți vând un câine (fragment)	http://www.litero-mania.com/iti-vand-un-caine-fragment/	M-am înscris pe ascuns la Școala de Arte Plastice, la pictură. Sora mea, care întotdeauna fusese mult mai practică decât mine și mânca bucățile de papaya în loc să le contemple, a dat la studii comerciale. Acum, după aproape șaptezeci de ani, recunosc că cea care avea să sufere destul de mult era mama. După [&#8230;]	html	http://www.litero-mania.com/?p=8281	Juan Pablo Villalobos
1549611412	Istorii orale (VIII)	http://www.litero-mania.com/istorii-orale-viii/	&#160; &#160; &#160; &#160; &#160; &#160; &#160; &#160; &#160;&#160;&#160;&#160;&#160;&#160;&#160;&#160;&#160;&#160;&#160;&#160;&#160;&#160;&#160;&#160;&#160;&#160;&#160;&#160;&#160;&#160;&#160;&#160;&#160;&#160;&#160;&#160;&#160;&#160;&#160;&#160;&#160;&#160;&#160;&#160;&#160;&#160; Până mâine mai e&#8230;&#160; &#160;&#160;&#160;&#160;&#160;&#160;&#160;&#160;&#160; – Steaua sus răsare/ Ca o taină maare/ Steaua străluceește/ Și lumii vesteește&#8230; și lumii vesteește&#8230; Hai, bine v-am găsit! &#160;&#160;&#160;&#160;&#160;&#160;&#160;&#160;&#160; – Bine-ai venit, nașă! Ia zi, ce bei? &#160;&#160;&#160;&#160;&#160;&#160;&#160;&#160;&#160; – Da’ de când petreceți, maică, aici? E un fum să-l [&#8230;]	html	http://www.litero-mania.com/?p=8285	Dumitrița Stoica
1549611365	Caius Dobrescu şi poveştile sale din „Teză de doctorat”	http://www.litero-mania.com/caius-dobrescu-si-povestile-sale-din-teza-de-doctorat/	De curând, Caius Dobrescu a publicat, la Editura Crime Scene Press, trei romane („Moarte în ținutul secuilor” &#8211; 2017, „Praf &#160;în ochi” &#8211; 2018 și „Recviem pentru nimeni” &#8211; 2018). Dacă sunteți curioși, puteți citi fragmente din toate aceste trei romane, care fac parte din seria „Vlad Lupu”, pe Literomania (aici, aici și aici). Înainte [&#8230;]	html	http://www.litero-mania.com/?p=8296	Raul Popescu
1549611250	Tristan Tzara în familie	http://www.litero-mania.com/tristan-tzara-in-familie/	Figură proeminentă a avangardei europene, părinte al dadaismului, renumit pentru frondă și nihilism, Tristan Tzara își dezvăluie, în corespondența de familie, alte fațete ale personalității sale. Scrisorile publicate în volumul &#160;„Corespondență de familie” (ediție, traducere și notă introductivă de Mădălina Lascu, Editura Tracus Arte, 2018) se întind pe o perioadă de 35 de ani (1924-1959) [&#8230;]	html	http://www.litero-mania.com/?p=8307	Dorica Boltașu Nicolae
1549611188	Mândria lui Oscar Wilde	http://www.litero-mania.com/mandria-lui-oscar-wilde/	După câteva numere în care am absentat, voi relua, iată, foiletonul despre Oscar Wilde. Pentru cei care nu au citit articolele anterioare, precizez că acest serial are la bază volumul „Viața lui Oscar Wilde” de Robert H. Sherard, probabil cel mai cunoscut biograf al scriitorului irlandez, volum apărut în Anglia în 1906, iar în traducere [&#8230;]	html	http://www.litero-mania.com/?p=8272	Bozz
1549611142	Scrisori către preşedinte (XIV)	http://www.litero-mania.com/scrisori-catre-presedinte-xiv/	Scrisoarea a paisprezecea&#160; Stimate domnule preşedinte, am fost şi eu puţin plecat prin străinătate, prin Europa noastră, acum putem afirma cu mândrie că e şi a noastră. O Europă colectivizată, cum zice vărul meu, care‑i un glumeţ irecuperabil. N‑am fost la cules de legume, fructe ori zarzavaturi. Nu pentru că aş considera o asemenea activitate [&#8230;]	html	http://www.litero-mania.com/?p=8273	Radu Țuculescu
1549611104	Un spectacol de (ne)pătruns	http://www.litero-mania.com/un-spectacol-de-nepatruns/	„Multiculturalitatea înseamnă că, la o serbare școlară, copiii maghiari spun poezii în românește, iar copiii români spun poezii în românește.” Spectacolul Letei Popescu de la Teatrul Maghiar de Stat de la Cluj, „(In)vizibil”, a avut momentele sale. Făcut dintr-un colaj din versurile unor poeți români și maghiari contemporani, de la Vasile Leac la Stelian Müller, [&#8230;]	html	http://www.litero-mania.com/?p=8310	Péter Demény
1549576526	Lansarea romanului „Satul neamţului sau Jurnalul fraţilor Schiller” de Boualem Sansal	http://www.litero-mania.com/lansarea-romanului-satul-neamtului-sau-jurnalul-fratilor-schiller-de-boualem-sansal/	Pe 30 ianuarie 2019, la Librăria Humanitas de la Cişmigiu, a avut loc lansarea romanului „Satul neamțului sau Jurnalul Fraților Schiller“ de Boualem Sansal, tradus în limba română de Bogdan şi Mădălina Ghiu, apărut la Editura Humanitas Fiction, în colecția Raftul Denisei, coordonată de Denisa Comănescu. Au prezentat cartea Mihaela Dedeoglu, jurnalist RFI, Adina Dinițoiu, [&#8230;]	html	http://www.litero-mania.com/?p=8344	Literomania
1548979391	„Căderea unui sombrero” (fragment) de Richard Brautigan	http://www.litero-mania.com/caderea-unui-sombrero-fragment-de-richard-brautigan/	Richard Brautigan s-a născut în ziua de 30 ianuarie a anului 1935. Literomania îl omagiază pe scriitorul american publicând în avanpremieră un fragment din „Căderea unui sombrero” („Sombrero Fallout: A Japanese Novel”), în traducerea lui Cosmin Perța, carte în curs de apariție la Editura Paralela 45. În numerele trecute, pe Literomania au mai apărut câteva [&#8230;]	html	http://www.litero-mania.com/?p=8226	Cosmin Perța
1548979335	I.L. Caragiale și erosul	http://www.litero-mania.com/i-l-caragiale-si-erosul/	„&#8230;şi în literatura ţărănească – cea suprem sănătoasă şi curată, vă rog – erotica nu e excomunicată. Amintirea aceasta a unui fapt de experienţă extrem de elementară trebuie făcută, fiindcă, prin prostii diverse, pedagogic-sentimentale, se caută a se uita amănuntul patent că, în folclor, literatura erotică, de grad obscen clar, umple capitole de considerabile dimensiuni” [&#8230;]	html	http://www.litero-mania.com/?p=8248	Raul Popescu
1548979303	Mesmeea și Hobbitul – un duel în versuri	http://www.litero-mania.com/mesmeea-si-hobbitul-un-duel-in-versuri/	Ghiduș, năzdrăvan, imprevizibil, predispus la replici dintre cele mai îndrăznețe, așa cum sunt și versurile sale, Emil Brumaru nu a ezitat să comunice în fel și chip atât cu cititorii săi, cât și cu colegii de breaslă – scriitorii. Într-o vreme, pe la începutul anilor 2000, oricine îl putea găsi pe site-ul său „Hobbitul”, pentru [&#8230;]	html	http://www.litero-mania.com/?p=8233	Ruxandra Cesereanu
1548979268	Lovitura de stat (fragment de roman)	http://www.litero-mania.com/lovitura-de-stat-fragment-de-roman/	Mama nu mă minţise. N-am rămas în rue des Petites-Écuries decât ceva mai mult de o săptămână. La capătul acestui interval, ne-am mutat, după dorinţa tatălui meu, în Batignolles, unde locuiau, pe vremea aceea, mulţi militari în retragere. Găsiserăm un apartament frumos, cu intrarea din rue Saint-Louis, la etajul întâi al unei clădiri arătoase. Patru [&#8230;]	html	http://www.litero-mania.com/?p=8220	Octavian Soviany
1548979202	Anton Pann în franceză: „Du serviteur et du maître”	http://www.litero-mania.com/anton-pann-in-franceza-du-serviteur-et-du-maitre/	Du serviteur et du maître Venu dans les rues marchandes de Bucarest pour affaire, Un paysan une fois tombe dans une vraie souricière, Car sur le seuil des boutiques toujours guettant les passants, Pour s’ingénier coûte’ que coûte à les attirer céans, Les commis se mirent ensemble à le héler, à qui mieux mieux : [&#8230;]	html	http://www.litero-mania.com/?p=8238	Dominique Ilea
1548979168	Flash fiction stories – ianuarie 2019	http://www.litero-mania.com/flash-fiction-stories-decembrie-2018-2/	Literomania&#160;vă propune o rubrică permanentă numită&#160;Flash fiction stories, în care vom publica microficțiunile primite pe adresa de mail a redacției (literomania2017@gmail.com).&#160;Editura&#160;Paralela 45&#160;are în vedere publicarea, în colaborare cu Literomania, a unui volum de flash fiction cu prozele apărute în cadrul acestei rubrici (cu condiția ca prozele selectate să fie inedite).&#160;Prin urmare, așteptăm prozele celor care [&#8230;]	html	http://www.litero-mania.com/?p=8247	Literomania
1548979130	Scrisori către preşedinte (XIII)	http://www.litero-mania.com/scrisori-catre-presedinte-xiii/	Scrisoarea a treisprezecea Stimate domnule preşedinte, uneori mi se întâmplă ca, în timp ce scriu, să‑mi aduc aminte. De una, de alta. Acum mi s‑a întâmplat şi mi‑am amintit de perioada armatei. Orice bărbat îşi aminteşte, uneori, de ea. Mai ales când se află alături de alţi bărbaţi la o masă unde sorb din halba [&#8230;]	html	http://www.litero-mania.com/?p=8244	Radu Țuculescu
1548979078	Luna pe targă	http://www.litero-mania.com/luna-pe-targa/	„azi-noapte a venit la mine pascal/ și m-a rugat să-i șterg propoziția/ aceea nenorocită cu trestia gînditoare/ fiindcă s-a cam grăbit cînd a lăsat-o pe hîrtie/ scrie în locul ei – mi-a mai spus –/ că trestiile despre care vorbeam/ erau foarte rare/ că vîntul făcea mai multe zile/ de la una la alta/ de [&#8230;]	html	http://www.litero-mania.com/?p=8241	Péter Demény
1548370839	Mircea Cărtărescu: „Iubesc artizanalul și lentoarea literaturii”	http://www.litero-mania.com/mircea-cartarescu-iubesc-artizanalul-si-lentoarea-literaturii/	Literomania împlineşte 100 de numere şi, cu ocazia acestui număr aniversar, vă propunem un interviu cu Mircea Cărtărescu – scriitorul român care a câştigat, în ultimii ani, o bună reputaţie internaţională (în Suedia, Germania, Spania şi ţările latino-americane; anul trecut, scriitorul a obţinut, de altfel, alte două premii prestigioase, Premiul „Thomas Mann”, decernat la Lübeck, [&#8230;]	html	http://www.litero-mania.com/?p=8099	Adina Dinițoiu
1548370783	Un virtuoz al genului scurt	http://www.litero-mania.com/un-virtuoz-al-genului-scurt/	Tot cu prilejul aniversar al numărului 100 al Literomaniei, cartea săptămânii este volumul de proză scurtă „Uscătoria de partid (blitz-proze)” de Radu Ţuculescu (Editura Şcoala Ardeleană, 2019), volum care a apărut – şi continuă să apară – în foileton pe Literomania, la rubrica săptămânală a lui Radu Ţuculescu, intitulată chiar „Blitz-proze”. Textul de mai jos reprezintă postfaţa [&#8230;]	html	http://www.litero-mania.com/?p=8085	Adina Dinițoiu
1548370735	Mircea Nedelciu către Gheorghe Crăciun (24 august 1973)	http://www.litero-mania.com/mircea-nedelciu-catre-gheorghe-craciun-24-august-1973/	Scrisoarea pe care o reproducem mai jos a apărut în 1996, în revista „Paralela 45” nr. 1, la rubrica „Generația ’80 în epistolar”. Pe atunci, în 1996, atât Mircea Nedelciu, cât și Gheorghe Crăciun erau în viață. Primul care va pleca dintre noi va fi Mircea Nedelciu, în 1999, la numai 49 de ani, urmat [&#8230;]	html	http://www.litero-mania.com/?p=8111	Literomania
1548370676	Ion Stratan, poetul desfacerilor	http://www.litero-mania.com/ion-stratan-poetul-desfacerilor/	În numărul 100 al Literomaniei, am ales să reiau un text ceva mai special. Sper ca această evocare a poeziei lui Ion Stratan, alături de interviul cu scriitorul Mircea Cărtărescu, dar și alături de scrisoarea lui Mircea Nedelciu către Gheorghe Crăciun, să întregească portretul de grup al unor scriitori de prim-plan ai generației ’80. Textul [&#8230;]	html	http://www.litero-mania.com/?p=8091	Raul Popescu
1548370622	Benjamin Fondane, un écrivain devant l´Histoire	http://www.litero-mania.com/benjamin-fondane-un-ecrivain-devant-lhistoire/	Quand, à la fin des années-vingt, il eut décidé de quitter la Roumanie pour s´installer à Paris, Benjamin Fondane a avoué qu´il le faisait parce qu´il ne supportait plus de vivre dans une colonie française,  il valait donc mieux partir pour «la métropole». À part la boutade, les paroles de cet admirable poète, philosophe, essayiste, [&#8230;]	html	http://www.litero-mania.com/?p=8120	Fernando Couto e Santos
1548370573	„Il lago” di Mihai Eminescu	http://www.litero-mania.com/il-lago-di-mihai-eminescu/	Dacă în numărul 99 al Literomaniei am scris despre corespondența dintre Mihai Eminescu și Veronica Micle, dar și despre cum era văzut Eminescu de către contemporanii săi, vă propunem în acest număr al Literomaniei (numărul 100) o traducere în italiană, semnată de Dominique Ilea, a poeziei „Lacul” de Mihai Eminescu (poezie publicată pentru prima dată [&#8230;]	html	http://www.litero-mania.com/?p=8116	Dominique Ilea
1548370525	Trei poeme în proză	http://www.litero-mania.com/trei-poeme-in-proza/	Dublin                                                                                                Poate că aici e Paradisul, acela adevărat, pentru că nouă ne-au fost sucite minţile cu ideea unui Paradis (dacă îl merităm) abia după ce murim. Dar adevăratul tărâm al Fericirii ar trebui cunoscut înainte de Moarte. În parcul St. Stephen’s Green iarba e mai verde decât Acasă, pentru că aici plouă mult şi nu [&#8230;]	html	http://www.litero-mania.com/?p=8140	Serenela Ghițeanu
1548370465	Scrisori către preşedinte (XII)	http://www.litero-mania.com/scrisori-catre-presedinte-xii/	Scrisoarea a douăsprezecea  Stimate domnule preşedinte, nu ştiu de ce mi‑a venit taman acum, în timp ce vă scriu, în minte o zicere care sună aşa: ce‑am avut şi ce‑am pierdut. Nu ştiu cu ce se potriveşte, cărei situaţii sau cărei persoane, poate mie, poate neamului din care fac parte, deoarece eu sunt cetăţean român [&#8230;]	html	http://www.litero-mania.com/?p=8106	Radu Țuculescu
1548370397	Contract	http://www.litero-mania.com/contract/	Dragă domnule, cred că ai fi mult prea ocupat dacă ne-ai iubi și ne-ai mîntui pe toți. Nu vrei oare să mă iubești și să mă mîntui numai pe mine? Ai avea mai mult timp de odihnă, să fumezi și tu o țigară, să faci rebusuri, mai știu eu ce. Și așa, din foarte mare [&#8230;]	html	http://www.litero-mania.com/?p=8136	Péter Demény
1548362707	Radu Țuculescu – 70	http://www.litero-mania.com/radu-tuculescu-70/	Universitatea Babeș-Bolyai Cluj-Napoca, Biblioteca Județeană „Octavian Goga” Cluj, Uniunea Scriitorilor din România – Filiala Cluj și Editura Școala Ardeleană vă invită miercuri, 30 ianuarie 2019, ora 18.00, în Sala Auditorium Maximum a Colegiului Academic (UBB), Str. Mihail Kogălniceanu nr. 3-5, Cluj-Napoca, la un eveniment special dedicat scriitorului clujean Radu Țuculescu la împlinirea vârstei de 70 [&#8230;]	html	http://www.litero-mania.com/?p=8180	Literomania
1547805308	Romanul epistolar al iubirii imposibile dintre „Emin” și „dulcea sa Doamnă”	http://www.litero-mania.com/romanul-epistolar-al-iubirii-imposibile-dintre-emin-si-dulcea-sa-doamna/	Publicarea, în anul 2000, a unei serii de scrisori inedite, parte din corespondența dintre Mihai Eminescu și Veronica Micle, a fost, fără îndoială, un eveniment, cu semnalări pe măsură în presa vremii. Corespondența cu pricina, care face parte din arhiva familiei Graziella și Vasile Grigorcea, a apărut la Editura Polirom, într-un volum numit „Dulcea mea [&#8230;]	html	http://www.litero-mania.com/?p=8030	Raul Popescu
1547805271	Eminescu văzut de contemporani, şi nu numai	http://www.litero-mania.com/eminescu-vazut-de-contemporani-si-nu-numai/	În fiecare an, la 15 ianuarie, îl aniversăm pe Mihai Eminescu, „poetul naţional”, şi, odată cu el, Ziua Culturii Naţionale. Revin, de aceea, mai jos, la problema receptării lui Eminescu după ’90, sau – cu termenul inspirat al lui Iulian Costache (din volumul „Eminescu. Negocierea unei imagini”, Cartea Românească, 2008) – la „negocierea unei imagini” [&#8230;]	html	http://www.litero-mania.com/?p=8050	Adina Dinițoiu
1547805242	Thriller cu măști	http://www.litero-mania.com/thriller-cu-masti/	Romanul noir sau mystery &#38; thriller devine și la noi, chiar dacă mai târziu și deocamdată mai puțin vizibil, prin scriitorii români de gen, o miză a literaturii contemporane și o provocare serioasă pentru cititori. Realizează, în anumite cazuri, mai mult decât suspansul promis întotdeauna publicului, devenind un spectacol-lectură al unor zone-cheie ale culturii și [&#8230;]	html	http://www.litero-mania.com/?p=8015	Dorica Boltașu Nicolae
1547805208	Whale song	http://www.litero-mania.com/whale-song/	Far behind the shore there is a place where words get lost. They can be seen floating before they’re gone; the wind that moved the light gave them their shadowed lines. Transparent bodies so silent with themselves. What is spirit? What is a soul? There is a bigger story out there and as if he [&#8230;]	html	http://www.litero-mania.com/?p=8026	Marco Grosse
1547805176	Trandafirul nostru de Ierihon	http://www.litero-mania.com/trandafirul-nostru-de-ierihon/	Mi-e mereu tare dor de ea. N-o mai văzusem de mai mult de douăzeci de ani. Nu o uitasem și știam asta, gândul la ea se ducea cu precizie de suflet geamăn care-și caută orb perechea, ori de câte ori ochii se rătăceau zburătăciți pe mințile și fețele oamenilor, care se schimbau crezând că deveneau [&#8230;]	html	http://www.litero-mania.com/?p=8009	Ohara Donovetsky
1547805143	Domnul de lângă pod	http://www.litero-mania.com/domnul-de-langa-pod/	Am scris textul pe când eram student la Timișoara, în 1971. În același an, am fost din partea Universității din Timișoara și din partea revistei studențești „Forum”, la Cluj, la revista „Echinox”. Am citit acolo acest text. Știu că m-a însoțit, printre alții, Marcel-Pop Corniș, care a  ajuns profesor universitar în SUA. Mi-amintesc că de față era și Ion Pop, care mi-a zis: „La noi [&#8230;]	html	http://www.litero-mania.com/?p=8052	Jan Cornelius
1547805120	„Spuneți-mi Zebra” de Azareen Van der Vliet Oloomi (fragment)	http://www.litero-mania.com/spuneti-mi-zebra-de-azareen-van-der-vliet-oloomi-fragment/	Literați, învățăcei, elitiști, vouă, tuturor rozătoarelor – vă spun asta: eu, Zebra, născută Bibi Abbas Abbas Hosseini într-o zi caniculară din august 1982, sunt descendenta unei lungi linii de oameni autodidacți care și-au părăsit în mod repetat capitala, Teheran, unde sângele a fost spălat cu sânge timp de sute de ani, pentru a se refugia [&#8230;]	html	http://www.litero-mania.com/?p=8044	Alexandra Turcu
1547805086	Scrisori către preşedinte (XI)	http://www.litero-mania.com/scrisori-catre-presedinte-xi/	Scrisoarea a unsprezecea Stimate domnule preşedinte, cu ocazia tărăboiului iscat în jurul referendumului, eu, personal, m‑am ales cu un câştig. Bănuiesc că şi alţii, chiar şi isteţul de văr al meu a recunoscut, după ce a turnat în el doi litri şi jumătate de lichid (porţia zilnică necesară unui om pentru a‑şi proteja sănătatea), adică [&#8230;]	html	http://www.litero-mania.com/?p=8020	Radu Țuculescu
1547805062	În monarhie cresc flori frumoase	http://www.litero-mania.com/in-monarhie-cresc-flori-frumoase/	De Ziua Culturii Române, am fost la Sf. Gheorghe să lansăm traducerea maghiară a volumului „Sissi” de Pavel Șușară, un poem cît o carte. M-am gîndit că încercăm să reconstruim cumva imperiul spiritual sau spiritul imperiului, spiritul monarhiei, interculturalitatea ei, care s-a emblematizat cumva în figura împărătesei, în jurul căreia s-a țesut o mitologie, deși [&#8230;]	html	http://www.litero-mania.com/?p=8040	Péter Demény
